<?xml version="1.0" encoding="UTF-8"?>
<!-- Generated by org.testng.reporters.JUnitReportReporter -->
<testsuite hostname="WKWIN5154091" failures="0" tests="1" name="com.qa.test.HttpClientGetTest" time="2.258" errors="0" timestamp="29 Sep 2019 15:48:09 GMT" skipped="0">
  <testcase classname="com.qa.test.HttpClientGetTest" name="httpClientValidateJson" time="2.258"/>
</testsuite> <!-- com.qa.test.HttpClientGetTest -->
