<?xml version="1.0" encoding="UTF-8"?>
<!-- Generated by org.testng.reporters.JUnitReportReporter -->
<testsuite hostname="WKWIN5154091" failures="0" tests="1" name="com.qa.test.RestAssuredGetTest" time="3.239" errors="0" timestamp="29 Sep 2019 16:02:06 GMT" skipped="0">
  <testcase classname="com.qa.test.RestAssuredGetTest" name="restAssuredValidateJson" time="3.239"/>
</testsuite> <!-- com.qa.test.RestAssuredGetTest -->
